[2023-10-11 04:45:25,966][__main__][INFO] - start data loading...
[2023-10-11 04:45:41,139][__main__][INFO] - created small_matrix_df
[2023-10-11 04:45:41,484][__main__][INFO] - mean of relevance: 0.4149662423709277
[2023-10-11 04:45:41,487][__main__][INFO] - std of relevance: 0.2507729286422716
[2023-10-11 04:46:20,680][__main__][INFO] - mean of exposure: 0.46022244447642285
[2023-10-11 04:46:20,683][__main__][INFO] - std of exposure: 0.3575756547215601
[2023-10-11 04:46:20,709][__main__][INFO] - biased click through rate: 0.18901927912824812
[2023-10-11 04:46:20,711][__main__][INFO] - unbiased click through rate: 0.4154378432009853
[2023-10-11 04:46:20,713][__main__][INFO] - created interaction_df
[2023-10-11 04:46:47,516][__main__][INFO] - created features
[2023-10-11 04:46:47,628][__main__][INFO] - prepared train and evaluation datasets
[2023-10-11 04:46:47,643][__main__][INFO] - data loading is done.
[2023-10-11 04:46:47,646][__main__][INFO] - start experiment...
[2023-10-11 04:46:55,924][__main__][INFO] - FM_Ideal is done.
[2023-10-11 04:47:02,133][__main__][INFO] - FM_IPS is done.
[2023-10-11 04:47:09,361][__main__][INFO] - FM_Naive is done.
[2023-10-11 04:47:11,916][__main__][INFO] - MF_Ideal is done.
[2023-10-11 04:47:18,117][__main__][INFO] - MF_IPS is done.
[2023-10-11 04:47:21,960][__main__][INFO] - MF_Naive is done.
[2023-10-11 04:47:23,050][__main__][INFO] - Random is done.
